This is pdfTeX, Version 3.14159265-2.6-1.40.16 (TeX Live 2015/Debian) (preloaded format=pdflatex 2017.4.19)  2 MAY 2017 03:50
entering extended mode
 restricted \write18 enabled.
 %&-line parsing enabled.
**project_1_kevin_belleville.tex
(./project_1_kevin_belleville.tex
LaTeX2e <2016/02/01>
Babel <3.9q> and hyphenation patterns for 5 language(s) loaded.
(/usr/share/texlive/texmf-dist/tex/latex/base/article.cls
Document Class: article 2014/09/29 v1.4h Standard LaTeX document class
(/usr/share/texlive/texmf-dist/tex/latex/base/size10.clo
File: size10.clo 2014/09/29 v1.4h Standard LaTeX file (size option)
)
\c@part=\count79
\c@section=\count80
\c@subsection=\count81
\c@subsubsection=\count82
\c@paragraph=\count83
\c@subparagraph=\count84
\c@figure=\count85
\c@table=\count86
\abovecaptionskip=\skip41
\belowcaptionskip=\skip42
\bibindent=\dimen102
)
(/usr/share/texlive/texmf-dist/tex/latex/fancyhdr/fancyhdr.sty
\fancy@headwidth=\skip43
\f@ncyO@elh=\skip44
\f@ncyO@erh=\skip45
\f@ncyO@olh=\skip46
\f@ncyO@orh=\skip47
\f@ncyO@elf=\skip48
\f@ncyO@erf=\skip49
\f@ncyO@olf=\skip50
\f@ncyO@orf=\skip51
)
(/usr/share/texlive/texmf-dist/tex/latex/lastpage/lastpage.sty
Package: lastpage 2015/03/29 v1.2m Refers to last page's name (HMM; JPG)
)
(/usr/share/texlive/texmf-dist/tex/latex/fancyhdr/extramarks.sty
\@temptokenb=\toks14
)
(/usr/share/texlive/texmf-dist/tex/latex/graphics/color.sty
Package: color 2016/01/03 v1.1b Standard LaTeX Color (DPC)

(/usr/share/texlive/texmf-dist/tex/latex/latexconfig/color.cfg
File: color.cfg 2007/01/18 v1.5 color configuration of teTeX/TeXLive
)
Package color Info: Driver file: pdftex.def on input line 143.

(/usr/share/texlive/texmf-dist/tex/latex/pdftex-def/pdftex.def
File: pdftex.def 2011/05/27 v0.06d Graphics/color for pdfTeX

(/usr/share/texlive/texmf-dist/tex/generic/oberdiek/infwarerr.sty
Package: infwarerr 2010/04/08 v1.3 Providing info/warning/error messages (HO)
)
(/usr/share/texlive/texmf-dist/tex/generic/oberdiek/ltxcmds.sty
Package: ltxcmds 2011/11/09 v1.22 LaTeX kernel commands for general use (HO)
)
\Gread@gobject=\count87
)
(/usr/share/texlive/texmf-dist/tex/latex/graphics/dvipsnam.def
File: dvipsnam.def 2015/12/30 v3.0k Driver-dependent file (DPC,SPQR)
))
(/usr/share/texlive/texmf-dist/tex/latex/graphics/graphicx.sty
Package: graphicx 2014/10/28 v1.0g Enhanced LaTeX Graphics (DPC,SPQR)

(/usr/share/texlive/texmf-dist/tex/latex/graphics/keyval.sty
Package: keyval 2014/10/28 v1.15 key=value parser (DPC)
\KV@toks@=\toks15
)
(/usr/share/texlive/texmf-dist/tex/latex/graphics/graphics.sty
Package: graphics 2016/01/03 v1.0q Standard LaTeX Graphics (DPC,SPQR)

(/usr/share/texlive/texmf-dist/tex/latex/graphics/trig.sty
Package: trig 2016/01/03 v1.10 sin cos tan (DPC)
)
(/usr/share/texlive/texmf-dist/tex/latex/latexconfig/graphics.cfg
File: graphics.cfg 2010/04/23 v1.9 graphics configuration of TeX Live
)
Package graphics Info: Driver file: pdftex.def on input line 95.
)
\Gin@req@height=\dimen103
\Gin@req@width=\dimen104
)
(/usr/share/texlive/texmf-dist/tex/latex/listings/listings.sty
\lst@mode=\count88
\lst@gtempboxa=\box26
\lst@token=\toks16
\lst@length=\count89
\lst@currlwidth=\dimen105
\lst@column=\count90
\lst@pos=\count91
\lst@lostspace=\dimen106
\lst@width=\dimen107
\lst@newlines=\count92
\lst@lineno=\count93
\lst@maxwidth=\dimen108

(/usr/share/texlive/texmf-dist/tex/latex/listings/lstmisc.sty
File: lstmisc.sty 2015/06/04 1.6 (Carsten Heinz)
\c@lstnumber=\count94
\lst@skipnumbers=\count95
\lst@framebox=\box27
)
(/usr/share/texlive/texmf-dist/tex/latex/listings/listings.cfg
File: listings.cfg 2015/06/04 1.6 listings configuration
))
Package: listings 2015/06/04 1.6 (Carsten Heinz)

(/usr/share/texlive/texmf-dist/tex/latex/psnfss/courier.sty
Package: courier 2005/04/12 PSNFSS-v9.2a (WaS) 
)
(/usr/share/texlive/texmf-dist/tex/latex/float/float.sty
Package: float 2001/11/08 v1.3d Float enhancements (AL)
\c@float@type=\count96
\float@exts=\toks17
\float@box=\box28
\@float@everytoks=\toks18
\@floatcapt=\box29
)
(/usr/share/texlive/texmf-dist/tex/latex/listings/lstlang1.sty
File: lstlang1.sty 2015/06/04 1.6 listings language file
)
\c@homeworkProblemCounter=\count97

(./project_1_kevin_belleville.aux)
\openout1 = `project_1_kevin_belleville.aux'.

LaTeX Font Info:    Checking defaults for OML/cmm/m/it on input line 174.
LaTeX Font Info:    ... okay on input line 174.
LaTeX Font Info:    Checking defaults for T1/cmr/m/n on input line 174.
LaTeX Font Info:    ... okay on input line 174.
LaTeX Font Info:    Checking defaults for OT1/cmr/m/n on input line 174.
LaTeX Font Info:    ... okay on input line 174.
LaTeX Font Info:    Checking defaults for OMS/cmsy/m/n on input line 174.
LaTeX Font Info:    ... okay on input line 174.
LaTeX Font Info:    Checking defaults for OMX/cmex/m/n on input line 174.
LaTeX Font Info:    ... okay on input line 174.
LaTeX Font Info:    Checking defaults for U/cmr/m/n on input line 174.
LaTeX Font Info:    ... okay on input line 174.
Package lastpage Info: Please have a look at the pageslts package at
(lastpage)             https://www.ctan.org/pkg/pageslts
(lastpage)             ! on input line 174.

(/usr/share/texlive/texmf-dist/tex/context/base/supp-pdf.mkii
[Loading MPS to PDF converter (version 2006.09.02).]
\scratchcounter=\count98
\scratchdimen=\dimen109
\scratchbox=\box30
\nofMPsegments=\count99
\nofMParguments=\count100
\everyMPshowfont=\toks19
\MPscratchCnt=\count101
\MPscratchDim=\dimen110
\MPnumerator=\count102
\makeMPintoPDFobject=\count103
\everyMPtoPDFconversion=\toks20
) (/usr/share/texlive/texmf-dist/tex/generic/oberdiek/pdftexcmds.sty
Package: pdftexcmds 2011/11/29 v0.20 Utility functions of pdfTeX for LuaTeX (HO
)

(/usr/share/texlive/texmf-dist/tex/generic/oberdiek/ifluatex.sty
Package: ifluatex 2010/03/01 v1.3 Provides the ifluatex switch (HO)
Package ifluatex Info: LuaTeX not detected.
)
(/usr/share/texlive/texmf-dist/tex/generic/oberdiek/ifpdf.sty
Package: ifpdf 2011/01/30 v2.3 Provides the ifpdf switch (HO)
Package ifpdf Info: pdfTeX in PDF mode is detected.
)
Package pdftexcmds Info: LuaTeX not detected.
Package pdftexcmds Info: \pdf@primitive is available.
Package pdftexcmds Info: \pdf@ifprimitive is available.
Package pdftexcmds Info: \pdfdraftmode found.
)
(/usr/share/texlive/texmf-dist/tex/latex/oberdiek/epstopdf-base.sty
Package: epstopdf-base 2010/02/09 v2.5 Base part for package epstopdf

(/usr/share/texlive/texmf-dist/tex/latex/oberdiek/grfext.sty
Package: grfext 2010/08/19 v1.1 Manage graphics extensions (HO)

(/usr/share/texlive/texmf-dist/tex/generic/oberdiek/kvdefinekeys.sty
Package: kvdefinekeys 2011/04/07 v1.3 Define keys (HO)
))
(/usr/share/texlive/texmf-dist/tex/latex/oberdiek/kvoptions.sty
Package: kvoptions 2011/06/30 v3.11 Key value format for package options (HO)

(/usr/share/texlive/texmf-dist/tex/generic/oberdiek/kvsetkeys.sty
Package: kvsetkeys 2012/04/25 v1.16 Key value parser (HO)

(/usr/share/texlive/texmf-dist/tex/generic/oberdiek/etexcmds.sty
Package: etexcmds 2011/02/16 v1.5 Avoid name clashes with e-TeX commands (HO)
Package etexcmds Info: Could not find \expanded.
(etexcmds)             That can mean that you are not using pdfTeX 1.50 or
(etexcmds)             that some package has redefined \expanded.
(etexcmds)             In the latter case, load this package earlier.
)))
Package grfext Info: Graphics extension search list:
(grfext)             [.png,.pdf,.jpg,.mps,.jpeg,.jbig2,.jb2,.PNG,.PDF,.JPG,.JPE
G,.JBIG2,.JB2,.eps]
(grfext)             \AppendGraphicsExtensions on input line 452.

(/usr/share/texlive/texmf-dist/tex/latex/latexconfig/epstopdf-sys.cfg
File: epstopdf-sys.cfg 2010/07/13 v1.3 Configuration of (r)epstopdf for TeX Liv
e
))
\c@lstlisting=\count104
LaTeX Font Info:    External font `cmex10' loaded for size
(Font)              <12> on input line 176.
LaTeX Font Info:    External font `cmex10' loaded for size
(Font)              <8> on input line 176.
LaTeX Font Info:    External font `cmex10' loaded for size
(Font)              <6> on input line 176.

[1

{/var/lib/texmf/fonts/map/pdftex/updmap/pdftex.map}]
(./project_1_kevin_belleville.toc)
\tf@toc=\write3
\openout3 = `project_1_kevin_belleville.toc'.

 [2]
LaTeX Font Info:    External font `cmex10' loaded for size
(Font)              <7> on input line 198.
LaTeX Font Info:    External font `cmex10' loaded for size
(Font)              <5> on input line 198.

Underfull \hbox (badness 10000) in paragraph at lines 209--210

 []


Underfull \hbox (badness 10000) in paragraph at lines 247--248

 []

<part_a.png, id=14, 421.3341pt x 409.0482pt>
File: part_a.png Graphic file (type png)
 <use part_a.png>
Package pdftex.def Info: part_a.png used on input line 255.
(pdftex.def)             Requested size: 352.31624pt x 342.05647pt.
 [3]
Underfull \hbox (badness 10000) in paragraph at lines 263--264

 []

[4 <./part_a.png>]
Underfull \hbox (badness 10000) in paragraph at lines 291--292

 []

Missing character: There is no â in font cmbx10!
Missing character: There is no € in font cmbx10!
Missing character: There is no ™ in font cmbx10!

Underfull \hbox (badness 10000) in paragraph at lines 298--299

 []

<step_size_1.png, id=27, 462.528pt x 346.896pt>
File: step_size_1.png Graphic file (type png)
 <use step_size_1.png>
Package pdftex.def Info: step_size_1.png used on input line 305.
(pdftex.def)             Requested size: 230.18251pt x 172.63771pt.

<step_size_3.png, id=28, 462.528pt x 346.896pt>
File: step_size_3.png Graphic file (type png)
 <use step_size_3.png>
Package pdftex.def Info: step_size_3.png used on input line 310.
(pdftex.def)             Requested size: 230.18251pt x 172.63771pt.

<step_size_4.png, id=29, 462.528pt x 346.896pt>
File: step_size_4.png Graphic file (type png)
 <use step_size_4.png>
Package pdftex.def Info: step_size_4.png used on input line 316.
(pdftex.def)             Requested size: 230.18251pt x 172.63771pt.

<step_size_5.png, id=30, 462.528pt x 346.896pt>
File: step_size_5.png Graphic file (type png)
 <use step_size_5.png>
Package pdftex.def Info: step_size_5.png used on input line 321.
(pdftex.def)             Requested size: 230.18251pt x 172.63771pt.
 [5 <./step_size_1.png> <./step_size_3.png> <./step_size_4.png> <./step_size_5.
png>]
<phase_space_1.png, id=38, 462.528pt x 346.896pt>
File: phase_space_1.png Graphic file (type png)
 <use phase_space_1.png>
Package pdftex.def Info: phase_space_1.png used on input line 331.
(pdftex.def)             Requested size: 230.18251pt x 172.63771pt.

<phase_space_2.png, id=39, 462.528pt x 346.896pt>
File: phase_space_2.png Graphic file (type png)
 <use phase_space_2.png>
Package pdftex.def Info: phase_space_2.png used on input line 336.
(pdftex.def)             Requested size: 230.18251pt x 172.63771pt.

<phase_space_3.png, id=40, 462.528pt x 346.896pt>
File: phase_space_3.png Graphic file (type png)
 <use phase_space_3.png>
Package pdftex.def Info: phase_space_3.png used on input line 342.
(pdftex.def)             Requested size: 230.18251pt x 172.63771pt.

<phase_space_4.png, id=41, 462.528pt x 346.896pt>
File: phase_space_4.png Graphic file (type png)
 <use phase_space_4.png>
Package pdftex.def Info: phase_space_4.png used on input line 347.
(pdftex.def)             Requested size: 230.18251pt x 172.63771pt.

<phase_space_5.png, id=42, 462.528pt x 346.896pt>
File: phase_space_5.png Graphic file (type png)
 <use phase_space_5.png>
Package pdftex.def Info: phase_space_5.png used on input line 352.
(pdftex.def)             Requested size: 230.18251pt x 172.63771pt.

Underfull \hbox (badness 10000) in paragraph at lines 358--359

 []

[6 <./phase_space_1.png> <./phase_space_2.png> <./phase_space_3.png> <./phase_s
pace_4.png> <./phase_space_5.png>] <pos_1.png, id=51, 462.528pt x 346.896pt>
File: pos_1.png Graphic file (type png)

<use pos_1.png>
Package pdftex.def Info: pos_1.png used on input line 367.
(pdftex.def)             Requested size: 230.18251pt x 172.63771pt.
 <pos_2.png, id=52, 462.528pt x 346.896pt>
File: pos_2.png Graphic file (type png)
 <use pos_2.png>
Package pdftex.def Info: pos_2.png used on input line 372.
(pdftex.def)             Requested size: 230.18251pt x 172.63771pt.

<pos_3.png, id=53, 462.528pt x 346.896pt>
File: pos_3.png Graphic file (type png)
 <use pos_3.png>
Package pdftex.def Info: pos_3.png used on input line 378.
(pdftex.def)             Requested size: 230.18251pt x 172.63771pt.

<pos_4.png, id=54, 462.528pt x 346.896pt>
File: pos_4.png Graphic file (type png)
 <use pos_4.png>
Package pdftex.def Info: pos_4.png used on input line 383.
(pdftex.def)             Requested size: 230.18251pt x 172.63771pt.

<pos_5.png, id=55, 462.528pt x 346.896pt>
File: pos_5.png Graphic file (type png)
 <use pos_5.png>
Package pdftex.def Info: pos_5.png used on input line 391.
(pdftex.def)             Requested size: 230.18251pt x 172.63771pt.
 [7 <./pos_1.png> <./pos_2.png> <./pos_3.png> <./pos_4.png>]
Underfull \hbox (badness 10000) in paragraph at lines 401--402

 []

<energy.png, id=64, 462.528pt x 346.896pt>
File: energy.png Graphic file (type png)
 <use energy.png>
Package pdftex.def Info: energy.png used on input line 405.
(pdftex.def)             Requested size: 370.02289pt x 277.51717pt.
 [8 <./pos_5.png> <./energy.png>]
Underfull \hbox (badness 10000) in paragraph at lines 421--422

 []


Underfull \hbox (badness 10000) in paragraph at lines 456--457

 []


Underfull \hbox (badness 10000) in paragraph at lines 461--462

 []

[9

]
Underfull \hbox (badness 10000) in paragraph at lines 534--535

 []


Underfull \hbox (badness 10000) in paragraph at lines 539--540

 []

[10]
Underfull \hbox (badness 10000) in paragraph at lines 587--588

 []


Underfull \hbox (badness 10000) in paragraph at lines 611--612

 []


Underfull \hbox (badness 10000) in paragraph at lines 616--617

 []

[11] <attempt.png, id=81, 462.528pt x 346.896pt>
File: attempt.png Graphic file (type png)
 <use attempt.png>
Package pdftex.def Info: attempt.png used on input line 644.
(pdftex.def)             Requested size: 370.02289pt x 277.51717pt.

Underfull \hbox (badness 10000) in paragraph at lines 652--653

 []

[12 <./attempt.png>]
Underfull \hbox (badness 10000) in paragraph at lines 668--669

 []

[13] 
AED: lastpage setting LastPage
(./project_1_kevin_belleville.aux) ) 
Here is how much of TeX's memory you used:
 3352 strings out of 494910
 49171 string characters out of 6179836
 131753 words of memory out of 5000000
 6589 multiletter control sequences out of 15000+600000
 8848 words of font info for 31 fonts, out of 8000000 for 9000
 36 hyphenation exceptions out of 8191
 38i,12n,43p,979b,323s stack positions out of 5000i,500n,10000p,200000b,80000s
</usr/share/texlive/texmf-dist/fonts/type1/
public/amsfonts/cm/cmbx10.pfb></usr/share/texlive/texmf-dist/fonts/type1/public
/amsfonts/cm/cmbx12.pfb></usr/share/texlive/texmf-dist/fonts/type1/public/amsfo
nts/cm/cmex10.pfb></usr/share/texlive/texmf-dist/fonts/type1/public/amsfonts/cm
/cmmi10.pfb></usr/share/texlive/texmf-dist/fonts/type1/public/amsfonts/cm/cmmi5
.pfb></usr/share/texlive/texmf-dist/fonts/type1/public/amsfonts/cm/cmmi7.pfb></
usr/share/texlive/texmf-dist/fonts/type1/public/amsfonts/cm/cmr10.pfb></usr/sha
re/texlive/texmf-dist/fonts/type1/public/amsfonts/cm/cmr5.pfb></usr/share/texli
ve/texmf-dist/fonts/type1/public/amsfonts/cm/cmr7.pfb></usr/share/texlive/texmf
-dist/fonts/type1/public/amsfonts/cm/cmr9.pfb></usr/share/texlive/texmf-dist/fo
nts/type1/public/amsfonts/cm/cmsy10.pfb></usr/share/texlive/texmf-dist/fonts/ty
pe1/public/amsfonts/cm/cmti12.pfb>
Output written on project_1_kevin_belleville.pdf (13 pages, 802368 bytes).
PDF statistics:
 130 PDF objects out of 1000 (max. 8388607)
 68 compressed objects within 1 object stream
 0 named destinations out of 1000 (max. 500000)
 86 words of extra memory for PDF output out of 10000 (max. 10000000)

